


ARM Macro Assembler    Page 1 


    1 00000000         ;*******************************************************
                       *******************
    2 00000000         ;* @file     startup_at32f421.s
    3 00000000         ;* @brief    startup_at32f421 startup file for keil
    4 00000000         ;* <<< Use Configuration Wizard in Context Menu >>>  
    5 00000000         ;*******************************************************
                       *******************
    6 00000000         ;
    7 00000000         
    8 00000000         ; Amount of memory (in bytes) allocated for Stack
    9 00000000         ; Tailor this value to your application needs
   10 00000000         ; <h> Stack Configuration
   11 00000000         ;   <o> Stack Size (in Bytes) <0x0-0xFFFFFFFF:8>
   12 00000000         ; </h>
   13 00000000         
   14 00000000 00000400 
                       Stack_Size
                               EQU              0x00000400
   15 00000000         
   16 00000000                 AREA             STACK, NOINIT, READWRITE, ALIGN
=3
   17 00000000         Stack_Mem
                               SPACE            Stack_Size
   18 00000400         __initial_sp
   19 00000400         
   20 00000400         ; <h> Heap Configuration
   21 00000400         ;   <o>  Heap Size (in Bytes) <0x0-0xFFFFFFFF:8>
   22 00000400         ; </h>
   23 00000400         
   24 00000400 00000200 
                       Heap_Size
                               EQU              0x00000200
   25 00000400         
   26 00000400                 AREA             HEAP, NOINIT, READWRITE, ALIGN=
3
   27 00000000         __heap_base
   28 00000000         Heap_Mem
                               SPACE            Heap_Size
   29 00000200         __heap_limit
   30 00000200         
   31 00000200                 PRESERVE8
   32 00000200                 THUMB
   33 00000200         
   34 00000200         
   35 00000200         ; Vector Table Mapped to Address 0 at Reset
   36 00000200                 AREA             RESET, DATA, READONLY
   37 00000000                 EXPORT           __Vectors
   38 00000000                 EXPORT           __Vectors_End
   39 00000000                 EXPORT           __Vectors_Size
   40 00000000         
   41 00000000 00000000 
                       __Vectors
                               DCD              __initial_sp ; Top of Stack
   42 00000004 00000000        DCD              Reset_Handler ; Reset Handler
   43 00000008 00000000        DCD              NMI_Handler ; NMI Handler
   44 0000000C 00000000        DCD              HardFault_Handler ; Hard Fault 
                                                            Handler
   45 00000010 00000000        DCD              MemManage_Handler 
                                                            ; MPU Fault Handler



ARM Macro Assembler    Page 2 


                                                            
   46 00000014 00000000        DCD              BusFault_Handler 
                                                            ; Bus Fault Handler
                                                            
   47 00000018 00000000        DCD              UsageFault_Handler ; Usage Faul
                                                            t Handler
   48 0000001C 00000000        DCD              0           ; Reserved
   49 00000020 00000000        DCD              0           ; Reserved
   50 00000024 00000000        DCD              0           ; Reserved
   51 00000028 00000000        DCD              0           ; Reserved
   52 0000002C 00000000        DCD              SVC_Handler ; SVCall Handler
   53 00000030 00000000        DCD              DebugMon_Handler ; Debug Monito
                                                            r Handler
   54 00000034 00000000        DCD              0           ; Reserved
   55 00000038 00000000        DCD              PendSV_Handler ; PendSV Handler
                                                            
   56 0000003C 00000000        DCD              SysTick_Handler 
                                                            ; SysTick Handler
   57 00000040         
   58 00000040         ; External Interrupts
   59 00000040 00000000        DCD              WWDT_IRQHandler ; Window Watchd
                                                            og Timer
   60 00000044 00000000        DCD              PVM_IRQHandler ; PVM through EX
                                                            INT Line detect
   61 00000048 00000000        DCD              ERTC_IRQHandler ; ERTC
   62 0000004C 00000000        DCD              FLASH_IRQHandler ; Flash
   63 00000050 00000000        DCD              CRM_IRQHandler ; CRM
   64 00000054 00000000        DCD              EXINT1_0_IRQHandler 
                                                            ; EXINT Line 1 & 0
   65 00000058 00000000        DCD              EXINT3_2_IRQHandler 
                                                            ; EXINT Line 3 & 2
   66 0000005C 00000000        DCD              EXINT15_4_IRQHandler 
                                                            ; EXINT Line 15 ~ 4
                                                            
   67 00000060 00000000        DCD              0           ; Reserved
   68 00000064 00000000        DCD              DMA1_Channel1_IRQHandler 
                                                            ; DMA1 Channel 1
   69 00000068 00000000        DCD              DMA1_Channel3_2_IRQHandler ; DM
                                                            A1 Channel 3 & 2
   70 0000006C 00000000        DCD              DMA1_Channel5_4_IRQHandler ; DM
                                                            A1 Channel 5 & 4
   71 00000070 00000000        DCD              ADC1_CMP_IRQHandler 
                                                            ; ADC1 & Comparator
                                                            
   72 00000074 00000000        DCD              TMR1_BRK_OVF_TRG_HALL_IRQHandle
r 
                                                            ; TMR1 brake overfl
                                                            ow trigger and hall
                                                            
   73 00000078 00000000        DCD              TMR1_CH_IRQHandler 
                                                            ; TMR1 channel
   74 0000007C 00000000        DCD              0           ; Reserved
   75 00000080 00000000        DCD              TMR3_GLOBAL_IRQHandler ; TMR3
   76 00000084 00000000        DCD              TMR6_GLOBAL_IRQHandler ; TMR6
   77 00000088 00000000        DCD              0           ; Reserved
   78 0000008C 00000000        DCD              TMR14_GLOBAL_IRQHandler ; TMR14
                                                            
   79 00000090 00000000        DCD              TMR15_GLOBAL_IRQHandler ; TMR15
                                                            



ARM Macro Assembler    Page 3 


   80 00000094 00000000        DCD              TMR16_GLOBAL_IRQHandler ; TMR16
                                                            
   81 00000098 00000000        DCD              TMR17_GLOBAL_IRQHandler ; TMR17
                                                            
   82 0000009C 00000000        DCD              I2C1_EVT_IRQHandler 
                                                            ; I2C1 Event
   83 000000A0 00000000        DCD              I2C2_EVT_IRQHandler 
                                                            ; I2C2 Event
   84 000000A4 00000000        DCD              SPI1_IRQHandler ; SPI1
   85 000000A8 00000000        DCD              SPI2_IRQHandler ; SPI2
   86 000000AC 00000000        DCD              USART1_IRQHandler ; USART1
   87 000000B0 00000000        DCD              USART2_IRQHandler ; USART2
   88 000000B4 00000000        DCD              0           ; Reserved
   89 000000B8 00000000        DCD              0           ; Reserved
   90 000000BC 00000000        DCD              0           ; Reserved
   91 000000C0 00000000        DCD              I2C1_ERR_IRQHandler 
                                                            ; I2C1 Error
   92 000000C4 00000000        DCD              0           ; Reserved
   93 000000C8 00000000        DCD              I2C2_ERR_IRQHandler 
                                                            ; I2C2 Error
   94 000000CC         __Vectors_End
   95 000000CC         
   96 000000CC 000000CC 
                       __Vectors_Size
                               EQU              __Vectors_End - __Vectors
   97 000000CC         
   98 000000CC                 AREA             |.text|, CODE, READONLY
   99 00000000         
  100 00000000         ; Reset handler
  101 00000000         Reset_Handler
                               PROC
  102 00000000                 EXPORT           Reset_Handler                  
     [WEAK]
  103 00000000                 IMPORT           __main
  104 00000000                 IMPORT           SystemInit
  105 00000000 4809            LDR              R0, =SystemInit
  106 00000002 4780            BLX              R0
  107 00000004 4809            LDR              R0, =__main
  108 00000006 4700            BX               R0
  109 00000008                 ENDP
  110 00000008         
  111 00000008         ; Dummy Exception Handlers (infinite loops which can be 
                       modified)
  112 00000008         
  113 00000008         NMI_Handler
                               PROC
  114 00000008                 EXPORT           NMI_Handler                    
     [WEAK]
  115 00000008 E7FE            B                .
  116 0000000A                 ENDP
  118 0000000A         HardFault_Handler
                               PROC
  119 0000000A                 EXPORT           HardFault_Handler              
     [WEAK]
  120 0000000A E7FE            B                .
  121 0000000C                 ENDP
  123 0000000C         MemManage_Handler
                               PROC
  124 0000000C                 EXPORT           MemManage_Handler              



ARM Macro Assembler    Page 4 


     [WEAK]
  125 0000000C E7FE            B                .
  126 0000000E                 ENDP
  128 0000000E         BusFault_Handler
                               PROC
  129 0000000E                 EXPORT           BusFault_Handler               
     [WEAK]
  130 0000000E E7FE            B                .
  131 00000010                 ENDP
  133 00000010         UsageFault_Handler
                               PROC
  134 00000010                 EXPORT           UsageFault_Handler             
     [WEAK]
  135 00000010 E7FE            B                .
  136 00000012                 ENDP
  137 00000012         SVC_Handler
                               PROC
  138 00000012                 EXPORT           SVC_Handler                    
     [WEAK]
  139 00000012 E7FE            B                .
  140 00000014                 ENDP
  142 00000014         DebugMon_Handler
                               PROC
  143 00000014                 EXPORT           DebugMon_Handler               
     [WEAK]
  144 00000014 E7FE            B                .
  145 00000016                 ENDP
  146 00000016         PendSV_Handler
                               PROC
  147 00000016                 EXPORT           PendSV_Handler                 
     [WEAK]
  148 00000016 E7FE            B                .
  149 00000018                 ENDP
  150 00000018         SysTick_Handler
                               PROC
  151 00000018                 EXPORT           SysTick_Handler                
     [WEAK]
  152 00000018 E7FE            B                .
  153 0000001A                 ENDP
  154 0000001A         
  155 0000001A         Default_Handler
                               PROC
  156 0000001A                 EXPORT           WWDT_IRQHandler                
     [WEAK]
  157 0000001A                 EXPORT           PVM_IRQHandler                 
     [WEAK]
  158 0000001A                 EXPORT           ERTC_IRQHandler                
     [WEAK]
  159 0000001A                 EXPORT           FLASH_IRQHandler               
     [WEAK]
  160 0000001A                 EXPORT           CRM_IRQHandler                 
     [WEAK]
  161 0000001A                 EXPORT           EXINT1_0_IRQHandler            
     [WEAK]
  162 0000001A                 EXPORT           EXINT3_2_IRQHandler            
     [WEAK]
  163 0000001A                 EXPORT           EXINT15_4_IRQHandler           
     [WEAK]
  164 0000001A                 EXPORT           DMA1_Channel1_IRQHandler       



ARM Macro Assembler    Page 5 


     [WEAK]
  165 0000001A                 EXPORT           DMA1_Channel3_2_IRQHandler     
     [WEAK]
  166 0000001A                 EXPORT           DMA1_Channel5_4_IRQHandler     
     [WEAK]
  167 0000001A                 EXPORT           ADC1_CMP_IRQHandler            
     [WEAK]
  168 0000001A                 EXPORT           TMR1_BRK_OVF_TRG_HALL_IRQHandle
r    [WEAK]
  169 0000001A                 EXPORT           TMR1_CH_IRQHandler             
     [WEAK]
  170 0000001A                 EXPORT           TMR3_GLOBAL_IRQHandler         
     [WEAK]
  171 0000001A                 EXPORT           TMR6_GLOBAL_IRQHandler         
     [WEAK]
  172 0000001A                 EXPORT           TMR14_GLOBAL_IRQHandler        
     [WEAK]
  173 0000001A                 EXPORT           TMR15_GLOBAL_IRQHandler        
     [WEAK]
  174 0000001A                 EXPORT           TMR16_GLOBAL_IRQHandler        
     [WEAK]
  175 0000001A                 EXPORT           TMR17_GLOBAL_IRQHandler        
     [WEAK]
  176 0000001A                 EXPORT           I2C1_EVT_IRQHandler            
     [WEAK]
  177 0000001A                 EXPORT           I2C2_EVT_IRQHandler            
     [WEAK]
  178 0000001A                 EXPORT           SPI1_IRQHandler                
     [WEAK]
  179 0000001A                 EXPORT           SPI2_IRQHandler                
     [WEAK]
  180 0000001A                 EXPORT           USART1_IRQHandler              
     [WEAK]
  181 0000001A                 EXPORT           USART2_IRQHandler              
     [WEAK]
  182 0000001A                 EXPORT           I2C1_ERR_IRQHandler            
     [WEAK]
  183 0000001A                 EXPORT           I2C2_ERR_IRQHandler            
     [WEAK]
  184 0000001A         WWDT_IRQHandler
  185 0000001A         PVM_IRQHandler
  186 0000001A         ERTC_IRQHandler
  187 0000001A         FLASH_IRQHandler
  188 0000001A         CRM_IRQHandler
  189 0000001A         EXINT1_0_IRQHandler
  190 0000001A         EXINT3_2_IRQHandler
  191 0000001A         EXINT15_4_IRQHandler
  192 0000001A         DMA1_Channel1_IRQHandler
  193 0000001A         DMA1_Channel3_2_IRQHandler
  194 0000001A         DMA1_Channel5_4_IRQHandler
  195 0000001A         ADC1_CMP_IRQHandler
  196 0000001A         TMR1_BRK_OVF_TRG_HALL_IRQHandler
  197 0000001A         TMR1_CH_IRQHandler
  198 0000001A         TMR3_GLOBAL_IRQHandler
  199 0000001A         TMR6_GLOBAL_IRQHandler
  200 0000001A         TMR14_GLOBAL_IRQHandler
  201 0000001A         TMR15_GLOBAL_IRQHandler
  202 0000001A         TMR16_GLOBAL_IRQHandler
  203 0000001A         TMR17_GLOBAL_IRQHandler



ARM Macro Assembler    Page 6 


  204 0000001A         I2C1_EVT_IRQHandler
  205 0000001A         I2C2_EVT_IRQHandler
  206 0000001A         SPI1_IRQHandler
  207 0000001A         SPI2_IRQHandler
  208 0000001A         USART1_IRQHandler
  209 0000001A         USART2_IRQHandler
  210 0000001A         I2C1_ERR_IRQHandler
  211 0000001A         I2C2_ERR_IRQHandler
  212 0000001A E7FE            B                .
  213 0000001C         
  214 0000001C                 ENDP
  215 0000001C         
  216 0000001C                 ALIGN
  217 0000001C         
  218 0000001C         ;*******************************************************
                       ************************
  219 0000001C         ; User Stack and Heap initialization
  220 0000001C         ;*******************************************************
                       ************************
  221 0000001C                 IF               :DEF:__MICROLIB
  228 0000001C         
  229 0000001C                 IMPORT           __use_two_region_memory
  230 0000001C                 EXPORT           __user_initial_stackheap
  231 0000001C         
  232 0000001C         __user_initial_stackheap
  233 0000001C         
  234 0000001C 4804            LDR              R0, = Heap_Mem
  235 0000001E 4905            LDR              R1, = (Stack_Mem + Stack_Size)
  236 00000020 4A05            LDR              R2, = (Heap_Mem +  Heap_Size)
  237 00000022 4B06            LDR              R3, = Stack_Mem
  238 00000024 4770            BX               LR
  239 00000026         
  240 00000026 00 00           ALIGN
  241 00000028         
  242 00000028                 ENDIF
  243 00000028         
  244 00000028                 END
              00000000 
              00000000 
              00000000 
              00000400 
              00000200 
              00000000 
Command Line: --debug --xref --diag_suppress=9931,A1950W --cpu=Cortex-M4 --fpu=
SoftVFP --depend=.\objects\startup_at32f421.d -o.\objects\startup_at32f421.o -I
.\RTE\Device\-AT32F421F8P7 -I.\RTE\_Target_1 -IC:\Users\User\AppData\Local\Arm\
Packs\ARM\CMSIS\5.9.0\CMSIS\Core\Include -IC:\Users\User\AppData\Local\Arm\Pack
s\ArteryTek\AT32F421_DFP\2.1.1\Device\Firmware\Peripherals\inc -IC:\Users\User\
AppData\Local\Arm\Packs\ArteryTek\AT32F421_DFP\2.1.1\Device\Include --predefine
="__EVAL SETA 1" --predefine="__UVISION_VERSION SETA 538" --predefine="_RTE_ SE
TA 1" --predefine="AT32F421F8P7 SETA 1" --predefine="_RTE_ SETA 1" --list=.\lis
tings\startup_at32f421.lst RTE/Device/-AT32F421F8P7/startup_at32f421.s



ARM Macro Assembler    Page 1 Alphabetic symbol ordering
Relocatable symbols

STACK 00000000

Symbol: STACK
   Definitions
      At line 16 in file RTE/Device/-AT32F421F8P7/startup_at32f421.s
   Uses
      None
Comment: STACK unused
Stack_Mem 00000000

Symbol: Stack_Mem
   Definitions
      At line 17 in file RTE/Device/-AT32F421F8P7/startup_at32f421.s
   Uses
      At line 235 in file RTE/Device/-AT32F421F8P7/startup_at32f421.s
      At line 237 in file RTE/Device/-AT32F421F8P7/startup_at32f421.s

__initial_sp 00000400

Symbol: __initial_sp
   Definitions
      At line 18 in file RTE/Device/-AT32F421F8P7/startup_at32f421.s
   Uses
      At line 41 in file RTE/Device/-AT32F421F8P7/startup_at32f421.s
Comment: __initial_sp used once
3 symbols



ARM Macro Assembler    Page 1 Alphabetic symbol ordering
Relocatable symbols

HEAP 00000000

Symbol: HEAP
   Definitions
      At line 26 in file RTE/Device/-AT32F421F8P7/startup_at32f421.s
   Uses
      None
Comment: HEAP unused
Heap_Mem 00000000

Symbol: Heap_Mem
   Definitions
      At line 28 in file RTE/Device/-AT32F421F8P7/startup_at32f421.s
   Uses
      At line 234 in file RTE/Device/-AT32F421F8P7/startup_at32f421.s
      At line 236 in file RTE/Device/-AT32F421F8P7/startup_at32f421.s

__heap_base 00000000

Symbol: __heap_base
   Definitions
      At line 27 in file RTE/Device/-AT32F421F8P7/startup_at32f421.s
   Uses
      None
Comment: __heap_base unused
__heap_limit 00000200

Symbol: __heap_limit
   Definitions
      At line 29 in file RTE/Device/-AT32F421F8P7/startup_at32f421.s
   Uses
      None
Comment: __heap_limit unused
4 symbols



ARM Macro Assembler    Page 1 Alphabetic symbol ordering
Relocatable symbols

RESET 00000000

Symbol: RESET
   Definitions
      At line 36 in file RTE/Device/-AT32F421F8P7/startup_at32f421.s
   Uses
      None
Comment: RESET unused
__Vectors 00000000

Symbol: __Vectors
   Definitions
      At line 41 in file RTE/Device/-AT32F421F8P7/startup_at32f421.s
   Uses
      At line 37 in file RTE/Device/-AT32F421F8P7/startup_at32f421.s
      At line 96 in file RTE/Device/-AT32F421F8P7/startup_at32f421.s

__Vectors_End 000000CC

Symbol: __Vectors_End
   Definitions
      At line 94 in file RTE/Device/-AT32F421F8P7/startup_at32f421.s
   Uses
      At line 38 in file RTE/Device/-AT32F421F8P7/startup_at32f421.s
      At line 96 in file RTE/Device/-AT32F421F8P7/startup_at32f421.s

3 symbols



ARM Macro Assembler    Page 1 Alphabetic symbol ordering
Relocatable symbols

.text 00000000

Symbol: .text
   Definitions
      At line 98 in file RTE/Device/-AT32F421F8P7/startup_at32f421.s
   Uses
      None
Comment: .text unused
ADC1_CMP_IRQHandler 0000001A

Symbol: ADC1_CMP_IRQHandler
   Definitions
      At line 195 in file RTE/Device/-AT32F421F8P7/startup_at32f421.s
   Uses
      At line 71 in file RTE/Device/-AT32F421F8P7/startup_at32f421.s
      At line 167 in file RTE/Device/-AT32F421F8P7/startup_at32f421.s

BusFault_Handler 0000000E

Symbol: BusFault_Handler
   Definitions
      At line 128 in file RTE/Device/-AT32F421F8P7/startup_at32f421.s
   Uses
      At line 46 in file RTE/Device/-AT32F421F8P7/startup_at32f421.s
      At line 129 in file RTE/Device/-AT32F421F8P7/startup_at32f421.s

CRM_IRQHandler 0000001A

Symbol: CRM_IRQHandler
   Definitions
      At line 188 in file RTE/Device/-AT32F421F8P7/startup_at32f421.s
   Uses
      At line 63 in file RTE/Device/-AT32F421F8P7/startup_at32f421.s
      At line 160 in file RTE/Device/-AT32F421F8P7/startup_at32f421.s

DMA1_Channel1_IRQHandler 0000001A

Symbol: DMA1_Channel1_IRQHandler
   Definitions
      At line 192 in file RTE/Device/-AT32F421F8P7/startup_at32f421.s
   Uses
      At line 68 in file RTE/Device/-AT32F421F8P7/startup_at32f421.s
      At line 164 in file RTE/Device/-AT32F421F8P7/startup_at32f421.s

DMA1_Channel3_2_IRQHandler 0000001A

Symbol: DMA1_Channel3_2_IRQHandler
   Definitions
      At line 193 in file RTE/Device/-AT32F421F8P7/startup_at32f421.s
   Uses
      At line 69 in file RTE/Device/-AT32F421F8P7/startup_at32f421.s
      At line 165 in file RTE/Device/-AT32F421F8P7/startup_at32f421.s

DMA1_Channel5_4_IRQHandler 0000001A

Symbol: DMA1_Channel5_4_IRQHandler
   Definitions
      At line 194 in file RTE/Device/-AT32F421F8P7/startup_at32f421.s
   Uses



ARM Macro Assembler    Page 2 Alphabetic symbol ordering
Relocatable symbols

      At line 70 in file RTE/Device/-AT32F421F8P7/startup_at32f421.s
      At line 166 in file RTE/Device/-AT32F421F8P7/startup_at32f421.s

DebugMon_Handler 00000014

Symbol: DebugMon_Handler
   Definitions
      At line 142 in file RTE/Device/-AT32F421F8P7/startup_at32f421.s
   Uses
      At line 53 in file RTE/Device/-AT32F421F8P7/startup_at32f421.s
      At line 143 in file RTE/Device/-AT32F421F8P7/startup_at32f421.s

Default_Handler 0000001A

Symbol: Default_Handler
   Definitions
      At line 155 in file RTE/Device/-AT32F421F8P7/startup_at32f421.s
   Uses
      None
Comment: Default_Handler unused
ERTC_IRQHandler 0000001A

Symbol: ERTC_IRQHandler
   Definitions
      At line 186 in file RTE/Device/-AT32F421F8P7/startup_at32f421.s
   Uses
      At line 61 in file RTE/Device/-AT32F421F8P7/startup_at32f421.s
      At line 158 in file RTE/Device/-AT32F421F8P7/startup_at32f421.s

EXINT15_4_IRQHandler 0000001A

Symbol: EXINT15_4_IRQHandler
   Definitions
      At line 191 in file RTE/Device/-AT32F421F8P7/startup_at32f421.s
   Uses
      At line 66 in file RTE/Device/-AT32F421F8P7/startup_at32f421.s
      At line 163 in file RTE/Device/-AT32F421F8P7/startup_at32f421.s

EXINT1_0_IRQHandler 0000001A

Symbol: EXINT1_0_IRQHandler
   Definitions
      At line 189 in file RTE/Device/-AT32F421F8P7/startup_at32f421.s
   Uses
      At line 64 in file RTE/Device/-AT32F421F8P7/startup_at32f421.s
      At line 161 in file RTE/Device/-AT32F421F8P7/startup_at32f421.s

EXINT3_2_IRQHandler 0000001A

Symbol: EXINT3_2_IRQHandler
   Definitions
      At line 190 in file RTE/Device/-AT32F421F8P7/startup_at32f421.s
   Uses
      At line 65 in file RTE/Device/-AT32F421F8P7/startup_at32f421.s
      At line 162 in file RTE/Device/-AT32F421F8P7/startup_at32f421.s

FLASH_IRQHandler 0000001A

Symbol: FLASH_IRQHandler



ARM Macro Assembler    Page 3 Alphabetic symbol ordering
Relocatable symbols

   Definitions
      At line 187 in file RTE/Device/-AT32F421F8P7/startup_at32f421.s
   Uses
      At line 62 in file RTE/Device/-AT32F421F8P7/startup_at32f421.s
      At line 159 in file RTE/Device/-AT32F421F8P7/startup_at32f421.s

HardFault_Handler 0000000A

Symbol: HardFault_Handler
   Definitions
      At line 118 in file RTE/Device/-AT32F421F8P7/startup_at32f421.s
   Uses
      At line 44 in file RTE/Device/-AT32F421F8P7/startup_at32f421.s
      At line 119 in file RTE/Device/-AT32F421F8P7/startup_at32f421.s

I2C1_ERR_IRQHandler 0000001A

Symbol: I2C1_ERR_IRQHandler
   Definitions
      At line 210 in file RTE/Device/-AT32F421F8P7/startup_at32f421.s
   Uses
      At line 91 in file RTE/Device/-AT32F421F8P7/startup_at32f421.s
      At line 182 in file RTE/Device/-AT32F421F8P7/startup_at32f421.s

I2C1_EVT_IRQHandler 0000001A

Symbol: I2C1_EVT_IRQHandler
   Definitions
      At line 204 in file RTE/Device/-AT32F421F8P7/startup_at32f421.s
   Uses
      At line 82 in file RTE/Device/-AT32F421F8P7/startup_at32f421.s
      At line 176 in file RTE/Device/-AT32F421F8P7/startup_at32f421.s

I2C2_ERR_IRQHandler 0000001A

Symbol: I2C2_ERR_IRQHandler
   Definitions
      At line 211 in file RTE/Device/-AT32F421F8P7/startup_at32f421.s
   Uses
      At line 93 in file RTE/Device/-AT32F421F8P7/startup_at32f421.s
      At line 183 in file RTE/Device/-AT32F421F8P7/startup_at32f421.s

I2C2_EVT_IRQHandler 0000001A

Symbol: I2C2_EVT_IRQHandler
   Definitions
      At line 205 in file RTE/Device/-AT32F421F8P7/startup_at32f421.s
   Uses
      At line 83 in file RTE/Device/-AT32F421F8P7/startup_at32f421.s
      At line 177 in file RTE/Device/-AT32F421F8P7/startup_at32f421.s

MemManage_Handler 0000000C

Symbol: MemManage_Handler
   Definitions
      At line 123 in file RTE/Device/-AT32F421F8P7/startup_at32f421.s
   Uses
      At line 45 in file RTE/Device/-AT32F421F8P7/startup_at32f421.s
      At line 124 in file RTE/Device/-AT32F421F8P7/startup_at32f421.s



ARM Macro Assembler    Page 4 Alphabetic symbol ordering
Relocatable symbols


NMI_Handler 00000008

Symbol: NMI_Handler
   Definitions
      At line 113 in file RTE/Device/-AT32F421F8P7/startup_at32f421.s
   Uses
      At line 43 in file RTE/Device/-AT32F421F8P7/startup_at32f421.s
      At line 114 in file RTE/Device/-AT32F421F8P7/startup_at32f421.s

PVM_IRQHandler 0000001A

Symbol: PVM_IRQHandler
   Definitions
      At line 185 in file RTE/Device/-AT32F421F8P7/startup_at32f421.s
   Uses
      At line 60 in file RTE/Device/-AT32F421F8P7/startup_at32f421.s
      At line 157 in file RTE/Device/-AT32F421F8P7/startup_at32f421.s

PendSV_Handler 00000016

Symbol: PendSV_Handler
   Definitions
      At line 146 in file RTE/Device/-AT32F421F8P7/startup_at32f421.s
   Uses
      At line 55 in file RTE/Device/-AT32F421F8P7/startup_at32f421.s
      At line 147 in file RTE/Device/-AT32F421F8P7/startup_at32f421.s

Reset_Handler 00000000

Symbol: Reset_Handler
   Definitions
      At line 101 in file RTE/Device/-AT32F421F8P7/startup_at32f421.s
   Uses
      At line 42 in file RTE/Device/-AT32F421F8P7/startup_at32f421.s
      At line 102 in file RTE/Device/-AT32F421F8P7/startup_at32f421.s

SPI1_IRQHandler 0000001A

Symbol: SPI1_IRQHandler
   Definitions
      At line 206 in file RTE/Device/-AT32F421F8P7/startup_at32f421.s
   Uses
      At line 84 in file RTE/Device/-AT32F421F8P7/startup_at32f421.s
      At line 178 in file RTE/Device/-AT32F421F8P7/startup_at32f421.s

SPI2_IRQHandler 0000001A

Symbol: SPI2_IRQHandler
   Definitions
      At line 207 in file RTE/Device/-AT32F421F8P7/startup_at32f421.s
   Uses
      At line 85 in file RTE/Device/-AT32F421F8P7/startup_at32f421.s
      At line 179 in file RTE/Device/-AT32F421F8P7/startup_at32f421.s

SVC_Handler 00000012

Symbol: SVC_Handler
   Definitions



ARM Macro Assembler    Page 5 Alphabetic symbol ordering
Relocatable symbols

      At line 137 in file RTE/Device/-AT32F421F8P7/startup_at32f421.s
   Uses
      At line 52 in file RTE/Device/-AT32F421F8P7/startup_at32f421.s
      At line 138 in file RTE/Device/-AT32F421F8P7/startup_at32f421.s

SysTick_Handler 00000018

Symbol: SysTick_Handler
   Definitions
      At line 150 in file RTE/Device/-AT32F421F8P7/startup_at32f421.s
   Uses
      At line 56 in file RTE/Device/-AT32F421F8P7/startup_at32f421.s
      At line 151 in file RTE/Device/-AT32F421F8P7/startup_at32f421.s

TMR14_GLOBAL_IRQHandler 0000001A

Symbol: TMR14_GLOBAL_IRQHandler
   Definitions
      At line 200 in file RTE/Device/-AT32F421F8P7/startup_at32f421.s
   Uses
      At line 78 in file RTE/Device/-AT32F421F8P7/startup_at32f421.s
      At line 172 in file RTE/Device/-AT32F421F8P7/startup_at32f421.s

TMR15_GLOBAL_IRQHandler 0000001A

Symbol: TMR15_GLOBAL_IRQHandler
   Definitions
      At line 201 in file RTE/Device/-AT32F421F8P7/startup_at32f421.s
   Uses
      At line 79 in file RTE/Device/-AT32F421F8P7/startup_at32f421.s
      At line 173 in file RTE/Device/-AT32F421F8P7/startup_at32f421.s

TMR16_GLOBAL_IRQHandler 0000001A

Symbol: TMR16_GLOBAL_IRQHandler
   Definitions
      At line 202 in file RTE/Device/-AT32F421F8P7/startup_at32f421.s
   Uses
      At line 80 in file RTE/Device/-AT32F421F8P7/startup_at32f421.s
      At line 174 in file RTE/Device/-AT32F421F8P7/startup_at32f421.s

TMR17_GLOBAL_IRQHandler 0000001A

Symbol: TMR17_GLOBAL_IRQHandler
   Definitions
      At line 203 in file RTE/Device/-AT32F421F8P7/startup_at32f421.s
   Uses
      At line 81 in file RTE/Device/-AT32F421F8P7/startup_at32f421.s
      At line 175 in file RTE/Device/-AT32F421F8P7/startup_at32f421.s

TMR1_BRK_OVF_TRG_HALL_IRQHandler 0000001A

Symbol: TMR1_BRK_OVF_TRG_HALL_IRQHandler
   Definitions
      At line 196 in file RTE/Device/-AT32F421F8P7/startup_at32f421.s
   Uses
      At line 72 in file RTE/Device/-AT32F421F8P7/startup_at32f421.s
      At line 168 in file RTE/Device/-AT32F421F8P7/startup_at32f421.s




ARM Macro Assembler    Page 6 Alphabetic symbol ordering
Relocatable symbols

TMR1_CH_IRQHandler 0000001A

Symbol: TMR1_CH_IRQHandler
   Definitions
      At line 197 in file RTE/Device/-AT32F421F8P7/startup_at32f421.s
   Uses
      At line 73 in file RTE/Device/-AT32F421F8P7/startup_at32f421.s
      At line 169 in file RTE/Device/-AT32F421F8P7/startup_at32f421.s

TMR3_GLOBAL_IRQHandler 0000001A

Symbol: TMR3_GLOBAL_IRQHandler
   Definitions
      At line 198 in file RTE/Device/-AT32F421F8P7/startup_at32f421.s
   Uses
      At line 75 in file RTE/Device/-AT32F421F8P7/startup_at32f421.s
      At line 170 in file RTE/Device/-AT32F421F8P7/startup_at32f421.s

TMR6_GLOBAL_IRQHandler 0000001A

Symbol: TMR6_GLOBAL_IRQHandler
   Definitions
      At line 199 in file RTE/Device/-AT32F421F8P7/startup_at32f421.s
   Uses
      At line 76 in file RTE/Device/-AT32F421F8P7/startup_at32f421.s
      At line 171 in file RTE/Device/-AT32F421F8P7/startup_at32f421.s

USART1_IRQHandler 0000001A

Symbol: USART1_IRQHandler
   Definitions
      At line 208 in file RTE/Device/-AT32F421F8P7/startup_at32f421.s
   Uses
      At line 86 in file RTE/Device/-AT32F421F8P7/startup_at32f421.s
      At line 180 in file RTE/Device/-AT32F421F8P7/startup_at32f421.s

USART2_IRQHandler 0000001A

Symbol: USART2_IRQHandler
   Definitions
      At line 209 in file RTE/Device/-AT32F421F8P7/startup_at32f421.s
   Uses
      At line 87 in file RTE/Device/-AT32F421F8P7/startup_at32f421.s
      At line 181 in file RTE/Device/-AT32F421F8P7/startup_at32f421.s

UsageFault_Handler 00000010

Symbol: UsageFault_Handler
   Definitions
      At line 133 in file RTE/Device/-AT32F421F8P7/startup_at32f421.s
   Uses
      At line 47 in file RTE/Device/-AT32F421F8P7/startup_at32f421.s
      At line 134 in file RTE/Device/-AT32F421F8P7/startup_at32f421.s

WWDT_IRQHandler 0000001A

Symbol: WWDT_IRQHandler
   Definitions
      At line 184 in file RTE/Device/-AT32F421F8P7/startup_at32f421.s



ARM Macro Assembler    Page 7 Alphabetic symbol ordering
Relocatable symbols

   Uses
      At line 59 in file RTE/Device/-AT32F421F8P7/startup_at32f421.s
      At line 156 in file RTE/Device/-AT32F421F8P7/startup_at32f421.s

__user_initial_stackheap 0000001C

Symbol: __user_initial_stackheap
   Definitions
      At line 232 in file RTE/Device/-AT32F421F8P7/startup_at32f421.s
   Uses
      At line 230 in file RTE/Device/-AT32F421F8P7/startup_at32f421.s
Comment: __user_initial_stackheap used once
41 symbols



ARM Macro Assembler    Page 1 Alphabetic symbol ordering
Absolute symbols

Heap_Size 00000200

Symbol: Heap_Size
   Definitions
      At line 24 in file RTE/Device/-AT32F421F8P7/startup_at32f421.s
   Uses
      At line 28 in file RTE/Device/-AT32F421F8P7/startup_at32f421.s
      At line 236 in file RTE/Device/-AT32F421F8P7/startup_at32f421.s

Stack_Size 00000400

Symbol: Stack_Size
   Definitions
      At line 14 in file RTE/Device/-AT32F421F8P7/startup_at32f421.s
   Uses
      At line 17 in file RTE/Device/-AT32F421F8P7/startup_at32f421.s
      At line 235 in file RTE/Device/-AT32F421F8P7/startup_at32f421.s

__Vectors_Size 000000CC

Symbol: __Vectors_Size
   Definitions
      At line 96 in file RTE/Device/-AT32F421F8P7/startup_at32f421.s
   Uses
      At line 39 in file RTE/Device/-AT32F421F8P7/startup_at32f421.s
Comment: __Vectors_Size used once
3 symbols



ARM Macro Assembler    Page 1 Alphabetic symbol ordering
External symbols

SystemInit 00000000

Symbol: SystemInit
   Definitions
      At line 104 in file RTE/Device/-AT32F421F8P7/startup_at32f421.s
   Uses
      At line 105 in file RTE/Device/-AT32F421F8P7/startup_at32f421.s
Comment: SystemInit used once
__main 00000000

Symbol: __main
   Definitions
      At line 103 in file RTE/Device/-AT32F421F8P7/startup_at32f421.s
   Uses
      At line 107 in file RTE/Device/-AT32F421F8P7/startup_at32f421.s
Comment: __main used once
__use_two_region_memory 00000000

Symbol: __use_two_region_memory
   Definitions
      At line 229 in file RTE/Device/-AT32F421F8P7/startup_at32f421.s
   Uses
      None
Comment: __use_two_region_memory unused
3 symbols
395 symbols in table
